[2019-01-31 16:24:23.467] [exthost] [info] extension host started
[2019-01-31 16:24:23.475] [exthost] [info] ExtensionService#_doActivateExtension vscode.debug-auto-launch {"startup":true,"activationEvent":"*"}
[2019-01-31 16:24:23.475] [exthost] [info] ExtensionService#loadCommonJSModule /usr/share/code/resources/app/extensions/debug-auto-launch/dist/extension
[2019-01-31 16:24:23.477] [exthost] [info] ExtensionService#_doActivateExtension vscode.emmet {"startup":true,"activationEvent":"*"}
[2019-01-31 16:24:23.477] [exthost] [info] ExtensionService#loadCommonJSModule /usr/share/code/resources/app/extensions/emmet/dist/extension
[2019-01-31 16:24:23.479] [exthost] [info] ExtensionService#_doActivateExtension vscode.git {"startup":true,"activationEvent":"*"}
[2019-01-31 16:24:23.479] [exthost] [info] ExtensionService#loadCommonJSModule /usr/share/code/resources/app/extensions/git/dist/main
[2019-01-31 16:24:23.498] [exthost] [info] ExtensionService#_doActivateExtension vscode.merge-conflict {"startup":true,"activationEvent":"*"}
[2019-01-31 16:24:23.498] [exthost] [info] ExtensionService#loadCommonJSModule /usr/share/code/resources/app/extensions/merge-conflict/dist/extension
[2019-01-31 16:24:23.499] [exthost] [info] eager extensions activated
[2019-01-31 19:04:17.152] [exthost] [info] extension host started
[2019-01-31 19:04:17.172] [exthost] [info] ExtensionService#_doActivateExtension vscode.debug-auto-launch {"startup":true,"activationEvent":"*"}
[2019-01-31 19:04:17.172] [exthost] [info] ExtensionService#loadCommonJSModule /usr/share/code/resources/app/extensions/debug-auto-launch/dist/extension
[2019-01-31 19:04:17.174] [exthost] [info] ExtensionService#_doActivateExtension vscode.emmet {"startup":true,"activationEvent":"*"}
[2019-01-31 19:04:17.174] [exthost] [info] ExtensionService#loadCommonJSModule /usr/share/code/resources/app/extensions/emmet/dist/extension
[2019-01-31 19:04:17.176] [exthost] [info] ExtensionService#_doActivateExtension vscode.git {"startup":true,"activationEvent":"*"}
[2019-01-31 19:04:17.176] [exthost] [info] ExtensionService#loadCommonJSModule /usr/share/code/resources/app/extensions/git/dist/main
[2019-01-31 19:04:17.196] [exthost] [info] ExtensionService#_doActivateExtension vscode.merge-conflict {"startup":true,"activationEvent":"*"}
[2019-01-31 19:04:17.196] [exthost] [info] ExtensionService#loadCommonJSModule /usr/share/code/resources/app/extensions/merge-conflict/dist/extension
[2019-01-31 19:04:17.198] [exthost] [info] eager extensions activated
[2019-01-31 19:04:58.143] [exthost] [info] extension host started
[2019-01-31 19:04:58.181] [exthost] [info] ExtensionService#_doActivateExtension vscode.debug-auto-launch {"startup":true,"activationEvent":"*"}
[2019-01-31 19:04:58.181] [exthost] [info] ExtensionService#loadCommonJSModule /usr/share/code/resources/app/extensions/debug-auto-launch/dist/extension
[2019-01-31 19:04:58.183] [exthost] [info] ExtensionService#_doActivateExtension vscode.emmet {"startup":true,"activationEvent":"*"}
[2019-01-31 19:04:58.183] [exthost] [info] ExtensionService#loadCommonJSModule /usr/share/code/resources/app/extensions/emmet/dist/extension
[2019-01-31 19:04:58.186] [exthost] [info] ExtensionService#_doActivateExtension vscode.git {"startup":true,"activationEvent":"*"}
[2019-01-31 19:04:58.186] [exthost] [info] ExtensionService#loadCommonJSModule /usr/share/code/resources/app/extensions/git/dist/main
[2019-01-31 19:04:58.212] [exthost] [info] ExtensionService#_doActivateExtension vscode.merge-conflict {"startup":true,"activationEvent":"*"}
[2019-01-31 19:04:58.212] [exthost] [info] ExtensionService#loadCommonJSModule /usr/share/code/resources/app/extensions/merge-conflict/dist/extension
[2019-01-31 19:04:58.214] [exthost] [info] ExtensionService#_doActivateExtension ms-vscode.Go {"startup":false,"activationEvent":"onLanguage:go"}
[2019-01-31 19:04:58.214] [exthost] [info] ExtensionService#loadCommonJSModule /home/faris/.vscode/extensions/ms-vscode.go-0.8.0/out/src/goMain
[2019-01-31 19:04:58.346] [exthost] [info] eager extensions activated
[2019-01-31 19:05:02.834] [exthost] [error] [ms-vscode.Go] provider FAILED
[2019-01-31 19:05:02.834] [exthost] [error] undefined
[2019-01-31 19:05:03.033] [exthost] [error] [ms-vscode.Go] provider FAILED
[2019-01-31 19:05:03.033] [exthost] [error] undefined
[2019-01-31 19:05:03.107] [exthost] [error] [ms-vscode.Go] provider FAILED
[2019-01-31 19:05:03.107] [exthost] [error] undefined
[2019-01-31 19:05:03.186] [exthost] [error] [ms-vscode.Go] provider FAILED
[2019-01-31 19:05:03.186] [exthost] [error] undefined
[2019-01-31 19:05:03.244] [exthost] [error] [ms-vscode.Go] provider FAILED
[2019-01-31 19:05:03.244] [exthost] [error] undefined
[2019-01-31 19:11:40.937] [exthost] [info] ExtensionService#_doActivateExtension vscode.grunt {"startup":false,"activationEvent":"onCommand:workbench.action.tasks.runTask"}
[2019-01-31 19:11:40.937] [exthost] [info] ExtensionService#loadCommonJSModule /usr/share/code/resources/app/extensions/grunt/dist/main
[2019-01-31 19:11:40.941] [exthost] [info] ExtensionService#_doActivateExtension vscode.gulp {"startup":false,"activationEvent":"onCommand:workbench.action.tasks.runTask"}
[2019-01-31 19:11:40.941] [exthost] [info] ExtensionService#loadCommonJSModule /usr/share/code/resources/app/extensions/gulp/dist/main
[2019-01-31 19:11:40.944] [exthost] [info] ExtensionService#_doActivateExtension vscode.jake {"startup":false,"activationEvent":"onCommand:workbench.action.tasks.runTask"}
[2019-01-31 19:11:40.944] [exthost] [info] ExtensionService#loadCommonJSModule /usr/share/code/resources/app/extensions/jake/dist/main
[2019-01-31 19:11:40.948] [exthost] [info] ExtensionService#_doActivateExtension vscode.npm {"startup":false,"activationEvent":"onCommand:workbench.action.tasks.runTask"}
[2019-01-31 19:11:40.948] [exthost] [info] ExtensionService#loadCommonJSModule /usr/share/code/resources/app/extensions/npm/dist/main
[2019-01-31 19:11:40.966] [exthost] [info] ExtensionService#_doActivateExtension vscode.typescript-language-features {"startup":false,"activationEvent":"onCommand:workbench.action.tasks.runTask"}
[2019-01-31 19:11:40.966] [exthost] [info] ExtensionService#loadCommonJSModule /usr/share/code/resources/app/extensions/typescript-language-features/dist/extension
[2019-01-31 19:17:09.202] [exthost] [info] extension host started
[2019-01-31 19:17:09.224] [exthost] [info] ExtensionService#_doActivateExtension vscode.debug-auto-launch {"startup":true,"activationEvent":"*"}
[2019-01-31 19:17:09.224] [exthost] [info] ExtensionService#loadCommonJSModule /usr/share/code/resources/app/extensions/debug-auto-launch/dist/extension
[2019-01-31 19:17:09.225] [exthost] [info] ExtensionService#_doActivateExtension vscode.emmet {"startup":true,"activationEvent":"*"}
[2019-01-31 19:17:09.225] [exthost] [info] ExtensionService#loadCommonJSModule /usr/share/code/resources/app/extensions/emmet/dist/extension
[2019-01-31 19:17:09.228] [exthost] [info] ExtensionService#_doActivateExtension vscode.git {"startup":true,"activationEvent":"*"}
[2019-01-31 19:17:09.228] [exthost] [info] ExtensionService#loadCommonJSModule /usr/share/code/resources/app/extensions/git/dist/main
[2019-01-31 19:17:09.249] [exthost] [info] ExtensionService#_doActivateExtension vscode.merge-conflict {"startup":true,"activationEvent":"*"}
[2019-01-31 19:17:09.249] [exthost] [info] ExtensionService#loadCommonJSModule /usr/share/code/resources/app/extensions/merge-conflict/dist/extension
[2019-01-31 19:17:09.250] [exthost] [info] eager extensions activated
[2019-01-31 19:17:27.305] [exthost] [info] ExtensionService#_doActivateExtension ms-vscode.Go {"startup":false,"activationEvent":"onLanguage:go"}
[2019-01-31 19:17:27.305] [exthost] [info] ExtensionService#loadCommonJSModule /home/faris/.vscode/extensions/ms-vscode.go-0.8.0/out/src/goMain
[2019-01-31 19:17:58.024] [exthost] [info] extension host started
[2019-01-31 19:17:58.042] [exthost] [info] ExtensionService#_doActivateExtension vscode.debug-auto-launch {"startup":true,"activationEvent":"*"}
[2019-01-31 19:17:58.042] [exthost] [info] ExtensionService#loadCommonJSModule /usr/share/code/resources/app/extensions/debug-auto-launch/dist/extension
[2019-01-31 19:17:58.044] [exthost] [info] ExtensionService#_doActivateExtension vscode.emmet {"startup":true,"activationEvent":"*"}
[2019-01-31 19:17:58.044] [exthost] [info] ExtensionService#loadCommonJSModule /usr/share/code/resources/app/extensions/emmet/dist/extension
[2019-01-31 19:17:58.046] [exthost] [info] ExtensionService#_doActivateExtension vscode.git {"startup":true,"activationEvent":"*"}
[2019-01-31 19:17:58.046] [exthost] [info] ExtensionService#loadCommonJSModule /usr/share/code/resources/app/extensions/git/dist/main
[2019-01-31 19:17:58.065] [exthost] [info] ExtensionService#_doActivateExtension vscode.merge-conflict {"startup":true,"activationEvent":"*"}
[2019-01-31 19:17:58.065] [exthost] [info] ExtensionService#loadCommonJSModule /usr/share/code/resources/app/extensions/merge-conflict/dist/extension
[2019-01-31 19:17:58.066] [exthost] [info] ExtensionService#_doActivateExtension ms-vscode.Go {"startup":false,"activationEvent":"onLanguage:go"}
[2019-01-31 19:17:58.066] [exthost] [info] ExtensionService#loadCommonJSModule /home/faris/.vscode/extensions/ms-vscode.go-0.8.0/out/src/goMain
[2019-01-31 19:17:58.118] [exthost] [info] ExtensionService#_doActivateExtension vscode.configuration-editing {"startup":false,"activationEvent":"onLanguage:json"}
[2019-01-31 19:17:58.118] [exthost] [info] ExtensionService#loadCommonJSModule /usr/share/code/resources/app/extensions/configuration-editing/dist/extension
[2019-01-31 19:17:58.125] [exthost] [info] ExtensionService#_doActivateExtension vscode.extension-editing {"startup":false,"activationEvent":"onLanguage:json"}
[2019-01-31 19:17:58.125] [exthost] [info] ExtensionService#loadCommonJSModule /usr/share/code/resources/app/extensions/extension-editing/dist/extension
[2019-01-31 19:17:58.162] [exthost] [info] ExtensionService#_doActivateExtension vscode.json-language-features {"startup":false,"activationEvent":"onLanguage:json"}
[2019-01-31 19:17:58.162] [exthost] [info] ExtensionService#loadCommonJSModule /usr/share/code/resources/app/extensions/json-language-features/client/dist/jsonMain
[2019-01-31 19:17:58.223] [exthost] [info] ExtensionService#_doActivateExtension vscode.npm {"startup":false,"activationEvent":"onLanguage:json"}
[2019-01-31 19:17:58.223] [exthost] [info] ExtensionService#loadCommonJSModule /usr/share/code/resources/app/extensions/npm/dist/main
[2019-01-31 19:17:58.227] [exthost] [info] eager extensions activated
[2019-01-31 19:20:12.726] [exthost] [info] extension host started
[2019-01-31 19:20:12.798] [exthost] [info] ExtensionService#_doActivateExtension vscode.debug-auto-launch {"startup":true,"activationEvent":"*"}
[2019-01-31 19:20:12.798] [exthost] [info] ExtensionService#loadCommonJSModule /usr/share/code/resources/app/extensions/debug-auto-launch/dist/extension
[2019-01-31 19:20:12.799] [exthost] [info] ExtensionService#_doActivateExtension vscode.emmet {"startup":true,"activationEvent":"*"}
[2019-01-31 19:20:12.799] [exthost] [info] ExtensionService#loadCommonJSModule /usr/share/code/resources/app/extensions/emmet/dist/extension
[2019-01-31 19:20:12.806] [exthost] [info] ExtensionService#_doActivateExtension vscode.git {"startup":true,"activationEvent":"*"}
[2019-01-31 19:20:12.806] [exthost] [info] ExtensionService#loadCommonJSModule /usr/share/code/resources/app/extensions/git/dist/main
[2019-01-31 19:20:12.829] [exthost] [info] ExtensionService#_doActivateExtension vscode.merge-conflict {"startup":true,"activationEvent":"*"}
[2019-01-31 19:20:12.829] [exthost] [info] ExtensionService#loadCommonJSModule /usr/share/code/resources/app/extensions/merge-conflict/dist/extension
[2019-01-31 19:20:12.830] [exthost] [info] ExtensionService#_doActivateExtension vscodevim.vim {"startup":true,"activationEvent":"*"}
[2019-01-31 19:20:12.830] [exthost] [info] ExtensionService#loadCommonJSModule /home/faris/.vscode/extensions/vscodevim.vim-1.0.5/out/extension
[2019-01-31 19:20:13.199] [exthost] [info] ExtensionService#_doActivateExtension ms-vscode.Go {"startup":false,"activationEvent":"onLanguage:go"}
[2019-01-31 19:20:13.199] [exthost] [info] ExtensionService#loadCommonJSModule /home/faris/.vscode/extensions/ms-vscode.go-0.8.0/out/src/goMain
[2019-01-31 19:20:13.248] [exthost] [info] eager extensions activated
[2019-01-31 19:30:36.681] [exthost] [error] [ms-vscode.Go] provider FAILED
[2019-01-31 19:30:36.683] [exthost] [error] Error: name must not be falsy
	at Function.e.validate (/usr/share/code/resources/app/out/vs/workbench/node/extensionHostProcess.js:357:484)
	at new e (/usr/share/code/resources/app/out/vs/workbench/node/extensionHostProcess.js:357:422)
	at byteOffsetToDocumentOffset.forEach.decl (/home/faris/.vscode/extensions/ms-vscode.go-0.8.0/out/src/goOutline.js:103:26)
	at Array.forEach (<anonymous>)
	at convertToCodeSymbols (/home/faris/.vscode/extensions/ms-vscode.go-0.8.0/out/src/goOutline.js:83:19)
	at runGoOutline.then.decls (/home/faris/.vscode/extensions/ms-vscode.go-0.8.0/out/src/goOutline.js:20:9)
	at <anonymous>
[2019-01-31 19:30:43.834] [exthost] [error] [ms-vscode.Go] provider FAILED
[2019-01-31 19:30:43.834] [exthost] [error] Error: name must not be falsy
	at Function.e.validate (/usr/share/code/resources/app/out/vs/workbench/node/extensionHostProcess.js:357:484)
	at new e (/usr/share/code/resources/app/out/vs/workbench/node/extensionHostProcess.js:357:422)
	at byteOffsetToDocumentOffset.forEach.decl (/home/faris/.vscode/extensions/ms-vscode.go-0.8.0/out/src/goOutline.js:103:26)
	at Array.forEach (<anonymous>)
	at convertToCodeSymbols (/home/faris/.vscode/extensions/ms-vscode.go-0.8.0/out/src/goOutline.js:83:19)
	at runGoOutline.then.decls (/home/faris/.vscode/extensions/ms-vscode.go-0.8.0/out/src/goOutline.js:20:9)
	at <anonymous>
[2019-01-31 19:30:47.480] [exthost] [error] [ms-vscode.Go] provider FAILED
[2019-01-31 19:30:47.480] [exthost] [error] Error: name must not be falsy
	at Function.e.validate (/usr/share/code/resources/app/out/vs/workbench/node/extensionHostProcess.js:357:484)
	at new e (/usr/share/code/resources/app/out/vs/workbench/node/extensionHostProcess.js:357:422)
	at byteOffsetToDocumentOffset.forEach.decl (/home/faris/.vscode/extensions/ms-vscode.go-0.8.0/out/src/goOutline.js:103:26)
	at Array.forEach (<anonymous>)
	at convertToCodeSymbols (/home/faris/.vscode/extensions/ms-vscode.go-0.8.0/out/src/goOutline.js:83:19)
	at byteOffsetToDocumentOffset.forEach.decl (/home/faris/.vscode/extensions/ms-vscode.go-0.8.0/out/src/goOutline.js:106:13)
	at Array.forEach (<anonymous>)
	at convertToCodeSymbols (/home/faris/.vscode/extensions/ms-vscode.go-0.8.0/out/src/goOutline.js:83:19)
	at runGoOutline.then.decls (/home/faris/.vscode/extensions/ms-vscode.go-0.8.0/out/src/goOutline.js:20:9)
	at <anonymous>
[2019-01-31 19:30:51.494] [exthost] [error] [ms-vscode.Go] provider FAILED
[2019-01-31 19:30:51.494] [exthost] [error] Error: name must not be falsy
	at Function.e.validate (/usr/share/code/resources/app/out/vs/workbench/node/extensionHostProcess.js:357:484)
	at new e (/usr/share/code/resources/app/out/vs/workbench/node/extensionHostProcess.js:357:422)
	at byteOffsetToDocumentOffset.forEach.decl (/home/faris/.vscode/extensions/ms-vscode.go-0.8.0/out/src/goOutline.js:103:26)
	at Array.forEach (<anonymous>)
	at convertToCodeSymbols (/home/faris/.vscode/extensions/ms-vscode.go-0.8.0/out/src/goOutline.js:83:19)
	at byteOffsetToDocumentOffset.forEach.decl (/home/faris/.vscode/extensions/ms-vscode.go-0.8.0/out/src/goOutline.js:106:13)
	at Array.forEach (<anonymous>)
	at convertToCodeSymbols (/home/faris/.vscode/extensions/ms-vscode.go-0.8.0/out/src/goOutline.js:83:19)
	at runGoOutline.then.decls (/home/faris/.vscode/extensions/ms-vscode.go-0.8.0/out/src/goOutline.js:20:9)
	at <anonymous>
[2019-01-31 19:39:37.143] [exthost] [info] ExtensionService#_doActivateExtension vscode.configuration-editing {"startup":false,"activationEvent":"onLanguage:json"}
[2019-01-31 19:39:37.143] [exthost] [info] ExtensionService#loadCommonJSModule /usr/share/code/resources/app/extensions/configuration-editing/dist/extension
[2019-01-31 19:39:37.145] [exthost] [info] ExtensionService#_doActivateExtension vscode.extension-editing {"startup":false,"activationEvent":"onLanguage:json"}
[2019-01-31 19:39:37.145] [exthost] [info] ExtensionService#loadCommonJSModule /usr/share/code/resources/app/extensions/extension-editing/dist/extension
[2019-01-31 19:39:37.151] [exthost] [info] ExtensionService#_doActivateExtension vscode.json-language-features {"startup":false,"activationEvent":"onLanguage:json"}
[2019-01-31 19:39:37.151] [exthost] [info] ExtensionService#loadCommonJSModule /usr/share/code/resources/app/extensions/json-language-features/client/dist/jsonMain
[2019-01-31 19:39:37.164] [exthost] [info] ExtensionService#_doActivateExtension vscode.npm {"startup":false,"activationEvent":"onLanguage:json"}
[2019-01-31 19:39:37.164] [exthost] [info] ExtensionService#loadCommonJSModule /usr/share/code/resources/app/extensions/npm/dist/main
[2019-01-31 19:44:00.572] [exthost] [error] [ms-vscode.Go] provider FAILED
[2019-01-31 19:44:00.572] [exthost] [error] Check the console in dev tools to find errors when formatting.
[2019-01-31 19:48:29.351] [exthost] [error] [ms-vscode.Go] provider FAILED
[2019-01-31 19:48:29.351] [exthost] [error] Check the console in dev tools to find errors when formatting.
[2019-01-31 19:55:14.993] [exthost] [error] [ms-vscode.Go] provider FAILED
[2019-01-31 19:55:14.993] [exthost] [error] Command failed: /home/faris/go/bin/godef -t -i -f /home/faris/go/src/github.com/octaflop/gowiki/netwiki.go -o 348
godef: no declaration found for title

[2019-01-31 19:55:15.160] [exthost] [error] [ms-vscode.Go] provider FAILED
[2019-01-31 19:55:15.160] [exthost] [error] Command failed: /home/faris/go/bin/godef -t -i -f /home/faris/go/src/github.com/octaflop/gowiki/netwiki.go -o 348
godef: no declaration found for title

[2019-01-31 19:55:25.404] [exthost] [error] [ms-vscode.Go] provider FAILED
[2019-01-31 19:55:25.404] [exthost] [error] Check the console in dev tools to find errors when formatting.
[2019-01-31 19:56:05.736] [exthost] [error] [ms-vscode.Go] provider FAILED
[2019-01-31 19:56:05.736] [exthost] [error] Check the console in dev tools to find errors when formatting.
[2019-01-31 20:02:19.699] [exthost] [error] [ms-vscode.Go] provider FAILED
[2019-01-31 20:02:19.699] [exthost] [error] Check the console in dev tools to find errors when formatting.
