[2019-01-31 16:24:23.262] [renderer3] [info] no standard startup: not just one window
[2019-01-31 19:04:17.182] [renderer3] [info] no standard startup: not just one window
[2019-01-31 19:04:58.183] [renderer3] [info] no standard startup: not a new window
[2019-01-31 19:05:02.849] [renderer3] [error] An unknown error occurred. Please consult the log for more details.
[2019-01-31 19:17:09.211] [renderer3] [info] no standard startup: not just one window
[2019-01-31 19:20:12.877] [renderer3] [info] no standard startup: not a new window
[2019-01-31 19:30:36.684] [renderer3] [error] name must not be falsy: Error: name must not be falsy
	at Function.e.validate (/usr/share/code/resources/app/out/vs/workbench/node/extensionHostProcess.js:357:484)
	at new e (/usr/share/code/resources/app/out/vs/workbench/node/extensionHostProcess.js:357:422)
	at byteOffsetToDocumentOffset.forEach.decl (/home/faris/.vscode/extensions/ms-vscode.go-0.8.0/out/src/goOutline.js:103:26)
	at Array.forEach (<anonymous>)
	at convertToCodeSymbols (/home/faris/.vscode/extensions/ms-vscode.go-0.8.0/out/src/goOutline.js:83:19)
	at runGoOutline.then.decls (/home/faris/.vscode/extensions/ms-vscode.go-0.8.0/out/src/goOutline.js:20:9)
	at <anonymous>
[2019-01-31 19:30:43.835] [renderer3] [error] name must not be falsy: Error: name must not be falsy
	at Function.e.validate (/usr/share/code/resources/app/out/vs/workbench/node/extensionHostProcess.js:357:484)
	at new e (/usr/share/code/resources/app/out/vs/workbench/node/extensionHostProcess.js:357:422)
	at byteOffsetToDocumentOffset.forEach.decl (/home/faris/.vscode/extensions/ms-vscode.go-0.8.0/out/src/goOutline.js:103:26)
	at Array.forEach (<anonymous>)
	at convertToCodeSymbols (/home/faris/.vscode/extensions/ms-vscode.go-0.8.0/out/src/goOutline.js:83:19)
	at runGoOutline.then.decls (/home/faris/.vscode/extensions/ms-vscode.go-0.8.0/out/src/goOutline.js:20:9)
	at <anonymous>
[2019-01-31 19:30:47.481] [renderer3] [error] name must not be falsy: Error: name must not be falsy
	at Function.e.validate (/usr/share/code/resources/app/out/vs/workbench/node/extensionHostProcess.js:357:484)
	at new e (/usr/share/code/resources/app/out/vs/workbench/node/extensionHostProcess.js:357:422)
	at byteOffsetToDocumentOffset.forEach.decl (/home/faris/.vscode/extensions/ms-vscode.go-0.8.0/out/src/goOutline.js:103:26)
	at Array.forEach (<anonymous>)
	at convertToCodeSymbols (/home/faris/.vscode/extensions/ms-vscode.go-0.8.0/out/src/goOutline.js:83:19)
	at byteOffsetToDocumentOffset.forEach.decl (/home/faris/.vscode/extensions/ms-vscode.go-0.8.0/out/src/goOutline.js:106:13)
	at Array.forEach (<anonymous>)
	at convertToCodeSymbols (/home/faris/.vscode/extensions/ms-vscode.go-0.8.0/out/src/goOutline.js:83:19)
	at runGoOutline.then.decls (/home/faris/.vscode/extensions/ms-vscode.go-0.8.0/out/src/goOutline.js:20:9)
	at <anonymous>
[2019-01-31 19:30:51.495] [renderer3] [error] name must not be falsy: Error: name must not be falsy
	at Function.e.validate (/usr/share/code/resources/app/out/vs/workbench/node/extensionHostProcess.js:357:484)
	at new e (/usr/share/code/resources/app/out/vs/workbench/node/extensionHostProcess.js:357:422)
	at byteOffsetToDocumentOffset.forEach.decl (/home/faris/.vscode/extensions/ms-vscode.go-0.8.0/out/src/goOutline.js:103:26)
	at Array.forEach (<anonymous>)
	at convertToCodeSymbols (/home/faris/.vscode/extensions/ms-vscode.go-0.8.0/out/src/goOutline.js:83:19)
	at byteOffsetToDocumentOffset.forEach.decl (/home/faris/.vscode/extensions/ms-vscode.go-0.8.0/out/src/goOutline.js:106:13)
	at Array.forEach (<anonymous>)
	at convertToCodeSymbols (/home/faris/.vscode/extensions/ms-vscode.go-0.8.0/out/src/goOutline.js:83:19)
	at runGoOutline.then.decls (/home/faris/.vscode/extensions/ms-vscode.go-0.8.0/out/src/goOutline.js:20:9)
	at <anonymous>
[2019-01-31 19:44:00.573] [renderer3] [error] An unknown error occurred. Please consult the log for more details.
[2019-01-31 19:48:29.352] [renderer3] [error] An unknown error occurred. Please consult the log for more details.
[2019-01-31 19:55:14.994] [renderer3] [error] An unknown error occurred. Please consult the log for more details.
[2019-01-31 19:55:25.404] [renderer3] [error] An unknown error occurred. Please consult the log for more details.
[2019-01-31 19:56:05.737] [renderer3] [error] An unknown error occurred. Please consult the log for more details.
[2019-01-31 20:02:19.699] [renderer3] [error] An unknown error occurred. Please consult the log for more details.
