[2019-01-31 16:24:09.117] [sharedprocess] [info] main {"machineId":"7da3cf92a5b21557f443b1aa8d306f15a5af72e6f2042e6d5cd32036be9f6862"}
[2019-01-31 16:24:09.241] [sharedprocess] [info] Scanned user extensions: 3
[2019-01-31 16:24:09.303] [sharedprocess] [info] Scanned user extensions: 3
[2019-01-31 16:24:09.306] [sharedprocess] [info] Scanned user extensions: 3
[2019-01-31 16:24:09.340] [sharedprocess] [info] Scanned user extensions: 3
[2019-01-31 16:24:09.437] [sharedprocess] [info] Scanned system extensions: 71
[2019-01-31 16:24:09.440] [sharedprocess] [info] Scanned system extensions: 71
[2019-01-31 16:24:09.445] [sharedprocess] [info] Scanned system extensions: 71
[2019-01-31 16:24:09.459] [sharedprocess] [info] Deleted from disk ms-python.python-2018.12.1
[2019-01-31 16:24:23.224] [sharedprocess] [info] Scanned user extensions: 3
[2019-01-31 16:24:23.228] [sharedprocess] [info] Scanned user extensions: 3
[2019-01-31 16:24:23.287] [sharedprocess] [info] Scanned user extensions: 3
[2019-01-31 16:24:23.288] [sharedprocess] [info] Scanned system extensions: 71
[2019-01-31 16:24:23.293] [sharedprocess] [info] Scanned system extensions: 71
[2019-01-31 16:24:49.121] [sharedprocess] [info] Starting to clean up unused language packs.
[2019-01-31 16:29:09.358] [sharedprocess] [info] Scanned user extensions: 3
[2019-01-31 16:29:23.300] [sharedprocess] [info] Scanned user extensions: 3
[2019-01-31 16:34:09.365] [sharedprocess] [info] Scanned user extensions: 3
[2019-01-31 16:34:23.307] [sharedprocess] [info] Scanned user extensions: 3
[2019-01-31 16:39:09.381] [sharedprocess] [info] Scanned user extensions: 3
[2019-01-31 16:39:23.319] [sharedprocess] [info] Scanned user extensions: 3
[2019-01-31 16:44:09.401] [sharedprocess] [info] Scanned user extensions: 3
[2019-01-31 16:44:23.329] [sharedprocess] [info] Scanned user extensions: 3
[2019-01-31 18:54:06.488] [sharedprocess] [info] Scanned user extensions: 3
[2019-01-31 18:54:20.319] [sharedprocess] [info] Scanned user extensions: 3
[2019-01-31 18:59:06.498] [sharedprocess] [info] Scanned user extensions: 3
[2019-01-31 18:59:20.326] [sharedprocess] [info] Scanned user extensions: 3
[2019-01-31 19:04:06.513] [sharedprocess] [info] Scanned user extensions: 3
[2019-01-31 19:04:16.878] [sharedprocess] [info] Scanned user extensions: 3
[2019-01-31 19:04:16.882] [sharedprocess] [info] Scanned user extensions: 3
[2019-01-31 19:04:17.022] [sharedprocess] [info] Scanned system extensions: 71
[2019-01-31 19:04:17.025] [sharedprocess] [info] Scanned system extensions: 71
[2019-01-31 19:04:17.188] [sharedprocess] [info] Scanned user extensions: 3
[2019-01-31 19:04:48.068] [sharedprocess] [info] Scanned user extensions: 3
[2019-01-31 19:04:48.110] [sharedprocess] [info] Scanned system extensions: 71
[2019-01-31 19:04:50.548] [sharedprocess] [info] Scanned user extensions: 3
[2019-01-31 19:04:50.551] [sharedprocess] [info] Scanned user extensions: 3
[2019-01-31 19:04:50.557] [sharedprocess] [info] Scanned user extensions: 3
[2019-01-31 19:04:50.559] [sharedprocess] [info] Scanned user extensions: 3
[2019-01-31 19:04:50.593] [sharedprocess] [info] Installing extension: Go
[2019-01-31 19:04:50.609] [sharedprocess] [info] Scanned user extensions: 3
[2019-01-31 19:04:50.613] [sharedprocess] [info] Scanned system extensions: 71
[2019-01-31 19:04:50.616] [sharedprocess] [info] Scanned system extensions: 71
[2019-01-31 19:04:50.620] [sharedprocess] [info] Scanned system extensions: 71
[2019-01-31 19:04:51.050] [sharedprocess] [info] Scanned user extensions: 3
[2019-01-31 19:04:51.052] [sharedprocess] [info] Scanned user extensions: 3
[2019-01-31 19:04:51.055] [sharedprocess] [info] Scanned user extensions: 3
[2019-01-31 19:04:51.105] [sharedprocess] [info] Scanned system extensions: 71
[2019-01-31 19:04:51.111] [sharedprocess] [info] Scanned system extensions: 71
[2019-01-31 19:04:51.113] [sharedprocess] [info] Scanned system extensions: 71
[2019-01-31 19:04:51.273] [sharedprocess] [info] Downloaded extension: Go /tmp/be9cc98b-1bbb-4915-afef-28610906ef0d
[2019-01-31 19:04:52.161] [sharedprocess] [info] Extracted extension to /home/faris/.vscode/extensions/.ms-vscode.go-0.8.0: ms-vscode.go-0.8.0
[2019-01-31 19:04:52.161] [sharedprocess] [info] Renamed to /home/faris/.vscode/extensions/ms-vscode.go-0.8.0
[2019-01-31 19:04:52.163] [sharedprocess] [info] Installation completed. ms-vscode.go-0.8.0
[2019-01-31 19:04:52.174] [sharedprocess] [info] Extensions installed successfully: ms-vscode.go
[2019-01-31 19:04:52.290] [sharedprocess] [info] Scanned user extensions: 4
[2019-01-31 19:04:52.296] [sharedprocess] [info] Scanned user extensions: 4
[2019-01-31 19:04:52.318] [sharedprocess] [info] Scanned system extensions: 71
[2019-01-31 19:04:52.321] [sharedprocess] [info] Scanned system extensions: 71
[2019-01-31 19:04:57.424] [sharedprocess] [info] Scanned user extensions: 4
[2019-01-31 19:04:57.426] [sharedprocess] [info] Scanned user extensions: 4
[2019-01-31 19:04:57.431] [sharedprocess] [info] Scanned user extensions: 4
[2019-01-31 19:04:57.439] [sharedprocess] [info] Scanned user extensions: 4
[2019-01-31 19:04:57.441] [sharedprocess] [info] Scanned user extensions: 4
[2019-01-31 19:04:57.450] [sharedprocess] [info] Scanned user extensions: 4
[2019-01-31 19:04:57.452] [sharedprocess] [info] Scanned user extensions: 4
[2019-01-31 19:04:57.513] [sharedprocess] [info] Scanned system extensions: 71
[2019-01-31 19:04:57.517] [sharedprocess] [info] Scanned system extensions: 71
[2019-01-31 19:04:57.520] [sharedprocess] [info] Scanned system extensions: 71
[2019-01-31 19:04:57.523] [sharedprocess] [info] Scanned system extensions: 71
[2019-01-31 19:04:57.526] [sharedprocess] [info] Scanned system extensions: 71
[2019-01-31 19:04:57.529] [sharedprocess] [info] Scanned system extensions: 71
[2019-01-31 19:04:57.536] [sharedprocess] [info] Scanned user extensions: 4
[2019-01-31 19:04:57.562] [sharedprocess] [info] Scanned system extensions: 71
[2019-01-31 19:04:58.206] [sharedprocess] [info] Scanned user extensions: 4
[2019-01-31 19:09:06.527] [sharedprocess] [info] Scanned user extensions: 4
[2019-01-31 19:09:58.226] [sharedprocess] [info] Scanned user extensions: 4
[2019-01-31 19:14:06.539] [sharedprocess] [info] Scanned user extensions: 4
[2019-01-31 19:14:58.236] [sharedprocess] [info] Scanned user extensions: 4
[2019-01-31 19:17:08.939] [sharedprocess] [info] Scanned user extensions: 4
[2019-01-31 19:17:08.953] [sharedprocess] [info] Scanned user extensions: 4
[2019-01-31 19:17:09.001] [sharedprocess] [info] Scanned system extensions: 71
[2019-01-31 19:17:09.022] [sharedprocess] [info] Scanned system extensions: 71
[2019-01-31 19:17:09.214] [sharedprocess] [info] Scanned user extensions: 4
[2019-01-31 19:17:27.362] [sharedprocess] [info] Scanned user extensions: 4
[2019-01-31 19:17:27.441] [sharedprocess] [info] Scanned system extensions: 71
[2019-01-31 19:19:49.681] [sharedprocess] [info] Scanned user extensions: 4
[2019-01-31 19:19:49.686] [sharedprocess] [info] Scanned user extensions: 4
[2019-01-31 19:19:49.689] [sharedprocess] [info] Scanned user extensions: 4
[2019-01-31 19:19:49.695] [sharedprocess] [info] Scanned user extensions: 4
[2019-01-31 19:19:49.730] [sharedprocess] [info] Scanned system extensions: 71
[2019-01-31 19:19:49.733] [sharedprocess] [info] Scanned system extensions: 71
[2019-01-31 19:19:49.736] [sharedprocess] [info] Scanned system extensions: 71
[2019-01-31 19:20:04.455] [sharedprocess] [info] Installing extension: vim
[2019-01-31 19:20:04.458] [sharedprocess] [info] Scanned user extensions: 4
[2019-01-31 19:20:04.760] [sharedprocess] [info] Downloaded extension: vim /tmp/8defcfd3-7622-4eef-bd83-1f5f3d1f1683
[2019-01-31 19:20:06.331] [sharedprocess] [info] Extracted extension to /home/faris/.vscode/extensions/.vscodevim.vim-1.0.5: vscodevim.vim-1.0.5
[2019-01-31 19:20:06.331] [sharedprocess] [info] Renamed to /home/faris/.vscode/extensions/vscodevim.vim-1.0.5
[2019-01-31 19:20:06.332] [sharedprocess] [info] Installation completed. vscodevim.vim-1.0.5
[2019-01-31 19:20:06.348] [sharedprocess] [info] Extensions installed successfully: vscodevim.vim
[2019-01-31 19:20:06.471] [sharedprocess] [info] Scanned user extensions: 5
[2019-01-31 19:20:06.475] [sharedprocess] [info] Scanned user extensions: 5
[2019-01-31 19:20:06.500] [sharedprocess] [info] Scanned system extensions: 71
[2019-01-31 19:20:06.504] [sharedprocess] [info] Scanned system extensions: 71
[2019-01-31 19:20:11.962] [sharedprocess] [info] Scanned user extensions: 5
[2019-01-31 19:20:11.965] [sharedprocess] [info] Scanned user extensions: 5
[2019-01-31 19:20:11.970] [sharedprocess] [info] Scanned user extensions: 5
[2019-01-31 19:20:11.981] [sharedprocess] [info] Scanned user extensions: 5
[2019-01-31 19:20:11.982] [sharedprocess] [info] Scanned user extensions: 5
[2019-01-31 19:20:12.093] [sharedprocess] [info] Scanned system extensions: 71
[2019-01-31 19:20:12.097] [sharedprocess] [info] Scanned system extensions: 71
[2019-01-31 19:20:12.100] [sharedprocess] [info] Scanned system extensions: 71
[2019-01-31 19:20:12.106] [sharedprocess] [info] Scanned system extensions: 71
[2019-01-31 19:20:12.118] [sharedprocess] [info] Scanned user extensions: 5
[2019-01-31 19:20:12.155] [sharedprocess] [info] Scanned system extensions: 71
[2019-01-31 19:20:12.910] [sharedprocess] [info] Scanned user extensions: 5
[2019-01-31 19:25:12.923] [sharedprocess] [info] Scanned user extensions: 5
[2019-01-31 19:30:12.942] [sharedprocess] [info] Scanned user extensions: 5
[2019-01-31 19:35:12.959] [sharedprocess] [info] Scanned user extensions: 5
[2019-01-31 19:40:12.978] [sharedprocess] [info] Scanned user extensions: 5
[2019-01-31 19:45:12.995] [sharedprocess] [info] Scanned user extensions: 5
[2019-01-31 19:50:13.013] [sharedprocess] [info] Scanned user extensions: 5
[2019-01-31 19:55:13.118] [sharedprocess] [info] Scanned user extensions: 5
[2019-01-31 20:00:13.132] [sharedprocess] [info] Scanned user extensions: 5
[2019-01-31 20:05:13.147] [sharedprocess] [info] Scanned user extensions: 5
[2019-01-31 20:10:13.164] [sharedprocess] [info] Scanned user extensions: 5
[2019-01-31 20:15:13.191] [sharedprocess] [info] Scanned user extensions: 5
