Looking for git in: git
Using git 2.19.1 from git
> git rev-parse --show-toplevel
> git config --get commit.template
Open repository: /home/faris/go/src/github.com/octaflop/stringutil
> git status -z -u
> git rev-parse --show-toplevel
> git symbolic-ref --short HEAD
> git rev-parse master
> git config --get commit.template
Open repository: /home/faris/go/src/github.com/octaflop/hello
> git status -z -u
> git rev-parse --show-toplevel
> git symbolic-ref --short HEAD
fatal: ambiguous argument 'master': unknown revision or path not in the working tree.
Use '--' to separate paths from revisions, like this:
'git <command> [<revision>...] -- [<file>...]'
> git for-each-ref --format %(refname) %(objectname) --sort -committerdate
> git remote --verbose
> git rev-parse master
> git config --get commit.template
Open repository: /home/faris/go/src/github.com/octaflop/gowiki
> git status -z -u
> git symbolic-ref --short HEAD
> git rev-parse --symbolic-full-name master@{u}
fatal: no upstream configured for branch 'master'
> git for-each-ref --format %(refname) %(objectname) --sort -committerdate
> git remote --verbose
> git rev-parse master
> git rev-parse --symbolic-full-name master@{u}
fatal: no upstream configured for branch 'master'
> git for-each-ref --format %(refname) %(objectname) --sort -committerdate
> git remote --verbose
> git show :wiki.go
> git check-ignore -z --stdin
> git check-ignore -z --stdin
> git check-ignore -z --stdin
