/home/faris/go/src/github.com/octaflop/hello>Finished running tool: /usr/bin/go build -i -o /tmp/vscode-goxQMdpm/go-code-check github.com/octaflop/hello
/home/faris/go/src/github.com/octaflop/hello/hello.go:1: expected 'package', found 'EOF'

/home/faris/go/src/github.com/octaflop/hello>Finished running tool: /usr/bin/go vet ./...
/home/faris/go/src/github.com/octaflop/hello/hello.go:1: expected 'package', found 'EOF'

Installing 12 tools at /home/faris/go/bin
  gocode
  gopkgs
  go-outline
  go-symbols
  guru
  gorename
  dlv
  gocode-gomod
  godef
  godef-gomod
  goreturns
  golint

Installing 12 tools at /home/faris/go/bin
  gocode
  gopkgs
  go-outline
  go-symbols
  guru
  gorename
  dlv
  gocode-gomod
  godef
  godef-gomod
  goreturns
  golint

Installing github.com/mdempsky/gocode FAILED
Installing github.com/mdempsky/gocode SUCCEEDED
Installing github.com/uudashr/gopkgs/cmd/gopkgs FAILED
Installing github.com/uudashr/gopkgs/cmd/gopkgs SUCCEEDED
Installing github.com/ramya-rao-a/go-outline SUCCEEDED
Installing github.com/ramya-rao-a/go-outline SUCCEEDED
Installing github.com/acroca/go-symbols SUCCEEDED
Installing github.com/acroca/go-symbols SUCCEEDED
Installing golang.org/x/tools/cmd/guru SUCCEEDED
Installing golang.org/x/tools/cmd/guru SUCCEEDED
Installing golang.org/x/tools/cmd/gorename SUCCEEDED
Installing golang.org/x/tools/cmd/gorename SUCCEEDED
Installing github.com/derekparker/delve/cmd/dlv FAILED
Installing github.com/stamblerre/gocode SUCCEEDED
Installing github.com/derekparker/delve/cmd/dlv SUCCEEDED
Installing github.com/rogpeppe/godef SUCCEEDED
Installing github.com/stamblerre/gocode SUCCEEDED
Installing github.com/rogpeppe/godef SUCCEEDED
Installing github.com/ianthehat/godef FAILED
Installing github.com/ianthehat/godef SUCCEEDED
Installing github.com/sqs/goreturns SUCCEEDED
Installing github.com/sqs/goreturns SUCCEEDED
Installing golang.org/x/lint/golint SUCCEEDED

2 tools failed to install.

gopkgs:
Error: Command failed: /usr/bin/go get -u -v github.com/uudashr/gopkgs/cmd/gopkgs
github.com/uudashr/gopkgs (download)
# cd /home/faris/go/src/github.com/uudashr/gopkgs; git pull --ff-only
From https://github.com/uudashr/gopkgs
 * branch            HEAD       -> FETCH_HEAD
error: The following untracked working tree files would be overwritten by merge:
	.github/config.yml
	.github/no-response.yml
	.gitignore
	.travis.yml
	Gopkg.lock
	Gopkg.toml
	LICENSE
	Makefile
	README.md
	cmd/gopkgs/main.go
	doc.go
	gopkgs.go
	gopkgs_test.go
	vendor.go
	vendor_test.go
Please move or remove them before you merge.
Aborting
package github.com/uudashr/gopkgs/cmd/gopkgs: exit status 1
github.com/uudashr/gopkgs (download)
# cd /home/faris/go/src/github.com/uudashr/gopkgs; git pull --ff-only
From https://github.com/uudashr/gopkgs
 * branch            HEAD       -> FETCH_HEAD
error: The following untracked working tree files would be overwritten by merge:
	.github/config.yml
	.github/no-response.yml
	.gitignore
	.travis.yml
	Gopkg.lock
	Gopkg.toml
	LICENSE
	Makefile
	README.md
	cmd/gopkgs/main.go
	doc.go
	gopkgs.go
	gopkgs_test.go
	vendor.go
	vendor_test.go
Please move or remove them before you merge.
Aborting
package github.com/uudashr/gopkgs/cmd/gopkgs: exit status 1

godef-gomod:
Error: Command failed: /usr/bin/go get -u -v -d github.com/ianthehat/godef
github.com/ianthehat/godef (download)
# cd /home/faris/go/src/github.com/ianthehat/godef; git pull --ff-only
There is no tracking information for the current branch.
Please specify which branch you want to merge with.
See git-pull(1) for details.

    git pull <remote> <branch>

If you wish to set tracking information for this branch you can do so with:

    git branch --set-upstream-to=origin/<branch> master

package github.com/ianthehat/godef: exit status 1
github.com/ianthehat/godef (download)
# cd /home/faris/go/src/github.com/ianthehat/godef; git pull --ff-only
There is no tracking information for the current branch.
Please specify which branch you want to merge with.
See git-pull(1) for details.

    git pull <remote> <branch>

If you wish to set tracking information for this branch you can do so with:

    git branch --set-upstream-to=origin/<branch> master

package github.com/ianthehat/godef: exit status 1

Installing golang.org/x/lint/golint SUCCEEDED

2 tools failed to install.

gocode:
Error: Command failed: /usr/bin/go get -u -v github.com/mdempsky/gocode
github.com/mdempsky/gocode (download)
Fetching https://golang.org/x/tools/go/gcexportdata?go-get=1
Parsing meta tags from https://golang.org/x/tools/go/gcexportdata?go-get=1 (status code 200)
get "golang.org/x/tools/go/gcexportdata": found meta tag get.metaImport{Prefix:"golang.org/x/tools", VCS:"git", RepoRoot:"https://go.googlesource.com/tools"} at https://golang.org/x/tools/go/gcexportdata?go-get=1
get "golang.org/x/tools/go/gcexportdata": verifying non-authoritative meta tag
Fetching https://golang.org/x/tools?go-get=1
Parsing meta tags from https://golang.org/x/tools?go-get=1 (status code 200)
golang.org/x/tools (download)
# cd /home/faris/go/src/golang.org/x/tools; git pull --ff-only
From https://go.googlesource.com/tools
 * [new branch]        master                -> origin/master
 * [new branch]        release-branch.go1.10 -> origin/release-branch.go1.10
 * [new branch]        release-branch.go1.11 -> origin/release-branch.go1.11
 * [new branch]        release-branch.go1.2  -> origin/release-branch.go1.2
 * [new branch]        release-branch.go1.3  -> origin/release-branch.go1.3
 * [new branch]        release-branch.go1.4  -> origin/release-branch.go1.4
 * [new branch]        release-branch.go1.5  -> origin/release-branch.go1.5
 * [new branch]        release-branch.go1.6  -> origin/release-branch.go1.6
 * [new branch]        release-branch.go1.7  -> origin/release-branch.go1.7
 * [new branch]        release-branch.go1.8  -> origin/release-branch.go1.8
 * [new branch]        release-branch.go1.9  -> origin/release-branch.go1.9
There is no tracking information for the current branch.
Please specify which branch you want to merge with.
See git-pull(1) for details.

    git pull <remote> <branch>

If you wish to set tracking information for this branch you can do so with:

    git branch --set-upstream-to=origin/<branch> master

package golang.org/x/tools/go/gcexportdata: exit status 1
github.com/mdempsky/gocode (download)
Fetching https://golang.org/x/tools/go/gcexportdata?go-get=1
Parsing meta tags from https://golang.org/x/tools/go/gcexportdata?go-get=1 (status code 200)
get "golang.org/x/tools/go/gcexportdata": found meta tag get.metaImport{Prefix:"golang.org/x/tools", VCS:"git", RepoRoot:"https://go.googlesource.com/tools"} at https://golang.org/x/tools/go/gcexportdata?go-get=1
get "golang.org/x/tools/go/gcexportdata": verifying non-authoritative meta tag
Fetching https://golang.org/x/tools?go-get=1
Parsing meta tags from https://golang.org/x/tools?go-get=1 (status code 200)
golang.org/x/tools (download)
# cd /home/faris/go/src/golang.org/x/tools; git pull --ff-only
From https://go.googlesource.com/tools
 * [new branch]        master                -> origin/master
 * [new branch]        release-branch.go1.10 -> origin/release-branch.go1.10
 * [new branch]        release-branch.go1.11 -> origin/release-branch.go1.11
 * [new branch]        release-branch.go1.2  -> origin/release-branch.go1.2
 * [new branch]        release-branch.go1.3  -> origin/release-branch.go1.3
 * [new branch]        release-branch.go1.4  -> origin/release-branch.go1.4
 * [new branch]        release-branch.go1.5  -> origin/release-branch.go1.5
 * [new branch]        release-branch.go1.6  -> origin/release-branch.go1.6
 * [new branch]        release-branch.go1.7  -> origin/release-branch.go1.7
 * [new branch]        release-branch.go1.8  -> origin/release-branch.go1.8
 * [new branch]        release-branch.go1.9  -> origin/release-branch.go1.9
There is no tracking information for the current branch.
Please specify which branch you want to merge with.
See git-pull(1) for details.

    git pull <remote> <branch>

If you wish to set tracking information for this branch you can do so with:

    git branch --set-upstream-to=origin/<branch> master

package golang.org/x/tools/go/gcexportdata: exit status 1

dlv:
Error: Command failed: /usr/bin/go get -u -v github.com/derekparker/delve/cmd/dlv
github.com/derekparker/delve (download)
# cd /home/faris/go/src/github.com/derekparker/delve; git pull --ff-only
From https://github.com/derekparker/delve
 * branch              HEAD       -> FETCH_HEAD
error: The following untracked working tree files would be overwritten by merge:
	.gitattributes
	.gitignore
	.travis.yml
	CHANGELOG.md
	CONTRIBUTING.md
	Documentation/EditorIntegration.md
	Documentation/KnownBugs.md
	Documentation/README.md
	Documentation/api/ClientHowto.md
	Documentation/api/README.md
	Documentation/api/json-rpc/README.md
	Documentation/cli/README.md
	Documentation/cli/expr.md
	Documentation/cli/getting_started.md
	Documentation/cli/locspec.md
	Documentation/installation/README.md
	Documentation/installation/linux/install.md
	Documentation/installation/osx/install.md
	Documentation/installation/windows/install.md
	Documentation/internal/README.md
	Documentation/usage/README.md
	Documentation/usage/commands.md
	Documentation/usage/dlv.md
	Documentation/usage/dlv_attach.md
	Documentation/usage/dlv_connect.md
	Documentation/usage/dlv_core.md
	Documentation/usage/dlv_debug.md
	Documentation/usage/dlv_exec.md
	Documentation/usage/dlv_replay.md
	Documentation/usage/dlv_run.md
	Documentation/usage/dlv_test.md
	Documentation/usage/dlv_trace.md
	Documentation/usage/dlv_version.md
	ISSUE_TEMPLATE.md
	LICENSE
	Makefile
	README.md
	_fixtures/binarytrees.go
	_fixtures/bpcountstest.go
	_fixtures/bpfile
	_fixtures/break.go
	_fixtures/buildtest/main.go
	_fixtures/callme.go
	_fixtures/cgostacktest/hello.c
	_fixtures/cgostacktest/hello.h
	_fixtures/cgostacktest/main.go
	_fixtures/cgotest.go
	_fixtures/clientdo.go
	_fixtures/consts.go
	_fixtures/continuetestprog.go
	_fixtures/coreemptystring.go
	_fixtures/debug_line_benchmark_data
	_fixtures/decllinetest.go
	_fixtures/defercall.go
	_fixtures/deferstack.go
	_fixtures/dotpackagesiface.go
	_fixtures/dwzcompression.go
	_fixtures/exit.init
	_fixtures/fncall.go
	_fixtures/fputest/fputest.go
	_fixtures/fputest/fputest_amd64.s
	_fixtures/goroutinestackprog.go
	_fixtures/increment.go
	_fixtures/integrationprog.go
	_fixtures/internal/dir.io/dir.go
	_fixtures/internal/dir.io/io.io/io.go
	_fixtures/internal/dir0/pkg/main.go
	_fixtures/internal/dir0/renamedpackage/main.go
	_fixtures/internal/dir1/pkg/main.go
	_fixtures/is sue239.go
	_fixtures/issue1101.go
	_fixtures/issue1264.go
	_fixtures/issue1374.go
	_fixtures/issue1432.go
	_fixtures/issue262.go
	_fixtures/issue305.go
	_fixtures/issue332.go
	_fixtures/issue384.go
	_fixtures/issue387.go
	_fixtures/issue406.go
	_fixtures/issue419.go
	_fixtures/issue528.go
	_fixtures/issue561.go
	_fixtures/issue573.go
	_fixtures/issue594.go
	_fixtures/issue664.go
	_fixtures/issue683.go
	_fixtures/issue871.go
	_fixtures/issue877.go
	_fixtures/issue951.go
	_fixtures/livetestprog.go
	_fixtures/locationsUpperCase.go
	_fixtures/locationsprog.go
	_fixtures/locationsprog2.go
	_fixtures/locationsprog3.go
	_fixtures/loopprog.go
	_fixtures/math.go
	_fixtures/nextcond.go
	_fixtures/nodisasm/main.go
	_fixtures/nodisasm/nodisasm_amd64.s
	_fixtures/nomaindir/file.go
	_fixtures/notify-v2.go
	_fixtures/panic.go
	_fixtures/parallel_next.go
	_fixtures/pkgrenames.go
	_fixtures/pr1055.go
	_fixtures/restartargs.go
	_fixtures/retstack.go
	_fixtures/scopeescapevareval.go
	_fixtures/scopetest.go
	_fixtures/sigchldprog.go
	_fixtures/sleep.go
	_fixtures/stacktraceprog.go
	_fixtures/stepoutret.go
	_fixtures/testargs.go
	_fixtures/testenv.go
	_fixtures/testinline.go
	_fixtures/testnextdefer.go
	_fixtures/testnextnethttp.go
	_fixtures/testnextprog.go
	_fixtures/testprog.go
	_fixtures/testreturnaddress.go
	_fixtures/testruntimebreakpoint.go
	_fixtures/testshadow.go
	_fixtures/teststep.go
	_fixtures/teststepconcurrent.go
	_fixtures/teststepprog.go
	_fixtures/testthreads.go
	_fixtures/testvariables.go
	_fixtures/testvariables2.go
	_fixtures/traceperf.go
	_fixtures/workdir.go
	appveyor.yml
	assets/delve_horizontal.png
	assets/delve_horizontal_2x.png
	assets/delve_icon.png
	assets/delve_icon_2x.png
	cmd/dlv/cmds/commands.go
	cmd/dlv/dlv_test.go
	cmd/dlv/main.go
	glide.lock
	glide.yaml
	go.mod
	go.sum
	pkg/config/config.go
	pkg/config/split.go
	pkg/config/split_test.go
	pkg/dwarf/dwarfbuilder/builder.go
	pkg/dwarf/dwarfbuilder/info.go
	pkg/dwarf/dwarfbuilder/loc.go
	pkg/dwarf/frame/entries.
Aborting
package github.com/derekparker/delve/cmd/dlv: exit status 1
github.com/derekparker/delve (download)
# cd /home/faris/go/src/github.com/derekparker/delve; git pull --ff-only
From https://github.com/derekparker/delve
 * branch              HEAD       -> FETCH_HEAD
error: The following untracked working tree files would be overwritten by merge:
	.gitattributes
	.gitignore
	.travis.yml
	CHANGELOG.md
	CONTRIBUTING.md
	Documentation/EditorIntegration.md
	Documentation/KnownBugs.md
	Documentation/README.md
	Documentation/api/ClientHowto.md
	Documentation/api/README.md
	Documentation/api/json-rpc/README.md
	Documentation/cli/README.md
	Documentation/cli/expr.md
	Documentation/cli/getting_started.md
	Documentation/cli/locspec.md
	Documentation/installation/README.md
	Documentation/installation/linux/install.md
	Documentation/installation/osx/install.md
	Documentation/installation/windows/install.md
	Documentation/internal/README.md
	Documentation/usage/README.md
	Documentation/usage/commands.md
	Documentation/usage/dlv.md
	Documentation/usage/dlv_attach.md
	Documentation/usage/dlv_connect.md
	Documentation/usage/dlv_core.md
	Documentation/usage/dlv_debug.md
	Documentation/usage/dlv_exec.md
	Documentation/usage/dlv_replay.md
	Documentation/usage/dlv_run.md
	Documentation/usage/dlv_test.md
	Documentation/usage/dlv_trace.md
	Documentation/usage/dlv_version.md
	ISSUE_TEMPLATE.md
	LICENSE
	Makefile
	README.md
	_fixtures/binarytrees.go
	_fixtures/bpcountstest.go
	_fixtures/bpfile
	_fixtures/break.go
	_fixtures/buildtest/main.go
	_fixtures/callme.go
	_fixtures/cgostacktest/hello.c
	_fixtures/cgostacktest/hello.h
	_fixtures/cgostacktest/main.go
	_fixtures/cgotest.go
	_fixtures/clientdo.go
	_fixtures/consts.go
	_fixtures/continuetestprog.go
	_fixtures/coreemptystring.go
	_fixtures/debug_line_benchmark_data
	_fixtures/decllinetest.go
	_fixtures/defercall.go
	_fixtures/deferstack.go
	_fixtures/dotpackagesiface.go
	_fixtures/dwzcompression.go
	_fixtures/exit.init
	_fixtures/fncall.go
	_fixtures/fputest/fputest.go
	_fixtures/fputest/fputest_amd64.s
	_fixtures/goroutinestackprog.go
	_fixtures/increment.go
	_fixtures/integrationprog.go
	_fixtures/internal/dir.io/dir.go
	_fixtures/internal/dir.io/io.io/io.go
	_fixtures/internal/dir0/pkg/main.go
	_fixtures/internal/dir0/renamedpackage/main.go
	_fixtures/internal/dir1/pkg/main.go
	_fixtures/is sue239.go
	_fixtures/issue1101.go
	_fixtures/issue1264.go
	_fixtures/issue1374.go
	_fixtures/issue1432.go
	_fixtures/issue262.go
	_fixtures/issue305.go
	_fixtures/issue332.go
	_fixtures/issue384.go
	_fixtures/issue387.go
	_fixtures/issue406.go
	_fixtures/issue419.go
	_fixtures/issue528.go
	_fixtures/issue561.go
	_fixtures/issue573.go
	_fixtures/issue594.go
	_fixtures/issue664.go
	_fixtures/issue683.go
	_fixtures/issue871.go
	_fixtures/issue877.go
	_fixtures/issue951.go
	_fixtures/livetestprog.go
	_fixtures/locationsUpperCase.go
	_fixtures/locationsprog.go
	_fixtures/locationsprog2.go
	_fixtures/locationsprog3.go
	_fixtures/loopprog.go
	_fixtures/math.go
	_fixtures/nextcond.go
	_fixtures/nodisasm/main.go
	_fixtures/nodisasm/nodisasm_amd64.s
	_fixtures/nomaindir/file.go
	_fixtures/notify-v2.go
	_fixtures/panic.go
	_fixtures/parallel_next.go
	_fixtures/pkgrenames.go
	_fixtures/pr1055.go
	_fixtures/restartargs.go
	_fixtures/retstack.go
	_fixtures/scopeescapevareval.go
	_fixtures/scopetest.go
	_fixtures/sigchldprog.go
	_fixtures/sleep.go
	_fixtures/stacktraceprog.go
	_fixtures/stepoutret.go
	_fixtures/testargs.go
	_fixtures/testenv.go
	_fixtures/testinline.go
	_fixtures/testnextdefer.go
	_fixtures/testnextnethttp.go
	_fixtures/testnextprog.go
	_fixtures/testprog.go
	_fixtures/testreturnaddress.go
	_fixtures/testruntimebreakpoint.go
	_fixtures/testshadow.go
	_fixtures/teststep.go
	_fixtures/teststepconcurrent.go
	_fixtures/teststepprog.go
	_fixtures/testthreads.go
	_fixtures/testvariables.go
	_fixtures/testvariables2.go
	_fixtures/traceperf.go
	_fixtures/workdir.go
	appveyor.yml
	assets/delve_horizontal.png
	assets/delve_horizontal_2x.png
	assets/delve_icon.png
	assets/delve_icon_2x.png
	cmd/dlv/cmds/commands.go
	cmd/dlv/dlv_test.go
	cmd/dlv/main.go
	glide.lock
	glide.yaml
	go.mod
	go.sum
	pkg/config/config.go
	pkg/config/split.go
	pkg/config/split_test.go
	pkg/dwarf/dwarfbuilder/builder.go
	pkg/dwarf/dwarfbuilder/info.go
	pkg/dwarf/dwarfbuilder/loc.go
	pkg/dwarf/frame/entries.
Aborting
package github.com/derekparker/delve/cmd/dlv: exit status 1

/home/faris/go/src/github.com/octaflop/hello>Finished running tool: /home/faris/go/bin/golint

/home/faris/go/src/github.com/octaflop/hello>Finished running tool: /usr/bin/go build -i -o /tmp/vscode-goxQMdpm/go-code-check github.com/octaflop/hello

/home/faris/go/src/github.com/octaflop/hello>Finished running tool: /usr/bin/go vet ./...

/home/faris/go/src/github.com/octaflop/hello>Finished running tool: /home/faris/go/bin/golint

/home/faris/go/src/github.com/octaflop/hello>Finished running tool: /usr/bin/go vet ./...

/home/faris/go/src/github.com/octaflop/hello>Finished running tool: /usr/bin/go build -i -o /tmp/vscode-goxQMdpm/go-code-check github.com/octaflop/hello

