/home/faris/go/src/github.com/octaflop/hello>Finished running tool: /home/faris/go/bin/golint

/home/faris/go/src/github.com/octaflop/hello>Finished running tool: /usr/bin/go vet ./...

/home/faris/go/src/github.com/octaflop/hello>Finished running tool: /usr/bin/go build -i -o /tmp/vscode-goCgpUcR/go-code-check github.com/octaflop/hello

/home/faris/go/src/github.com/octaflop/hello>Finished running tool: /home/faris/go/bin/golint

/home/faris/go/src/github.com/octaflop/hello>Finished running tool: /usr/bin/go vet ./...

/home/faris/go/src/github.com/octaflop/hello>Finished running tool: /usr/bin/go build -i -o /tmp/vscode-goCgpUcR/go-code-check github.com/octaflop/hello

/home/faris/go/src/github.com/octaflop/hello>Finished running tool: /home/faris/go/bin/golint

/home/faris/go/src/github.com/octaflop/hello>Finished running tool: /usr/bin/go build -i -o /tmp/vscode-goCgpUcR/go-code-check github.com/octaflop/hello

/home/faris/go/src/github.com/octaflop/hello>Finished running tool: /usr/bin/go vet ./...

/home/faris/go/src/github.com/octaflop/hello>Finished running tool: /home/faris/go/bin/golint

/home/faris/go/src/github.com/octaflop/hello>Finished running tool: /usr/bin/go build -i -o /tmp/vscode-goCgpUcR/go-code-check github.com/octaflop/hello

/home/faris/go/src/github.com/octaflop/hello>Finished running tool: /usr/bin/go vet ./...

/home/faris/go/src/github.com/octaflop/hello>Finished running tool: /home/faris/go/bin/golint

/home/faris/go/src/github.com/octaflop/hello>Finished running tool: /usr/bin/go build -i -o /tmp/vscode-goCgpUcR/go-code-check github.com/octaflop/hello

/home/faris/go/src/github.com/octaflop/hello>Finished running tool: /usr/bin/go vet ./...

/home/faris/go/src/github.com/octaflop/hello>Finished running tool: /home/faris/go/bin/golint

/home/faris/go/src/github.com/octaflop/hello>Finished running tool: /usr/bin/go build -i -o /tmp/vscode-goCgpUcR/go-code-check github.com/octaflop/hello

/home/faris/go/src/github.com/octaflop/hello>Finished running tool: /usr/bin/go vet ./...

/home/faris/go/src/github.com/octaflop/hello>Finished running tool: /home/faris/go/bin/golint

/home/faris/go/src/github.com/octaflop/hello>Finished running tool: /usr/bin/go vet ./...

/home/faris/go/src/github.com/octaflop/hello>Finished running tool: /usr/bin/go build -i -o /tmp/vscode-goCgpUcR/go-code-check github.com/octaflop/hello

/home/faris/go/src/github.com/octaflop/stringutil>Finished running tool: /home/faris/go/bin/golint

/home/faris/go/src/github.com/octaflop/stringutil>Finished running tool: /usr/bin/go vet ./...
/home/faris/go/src/github.com/octaflop/stringutil/reverse_test.go:6: cases declared and not used

/home/faris/go/src/github.com/octaflop/stringutil>Finished running tool: /usr/bin/go test -c -i -o /tmp/vscode-goCgpUcR/go-code-check github.com/octaflop/stringutil
/home/faris/go/src/github.com/octaflop/stringutil/reverse_test.go:6: cases declared and not used

/home/faris/go/src/github.com/octaflop/stringutil>Finished running tool: /home/faris/go/bin/golint

/home/faris/go/src/github.com/octaflop/stringutil>Finished running tool: /usr/bin/go vet ./...

/home/faris/go/src/github.com/octaflop/stringutil>Finished running tool: /usr/bin/go test -c -i -o /tmp/vscode-goCgpUcR/go-code-check github.com/octaflop/stringutil

/home/faris/go/src/github.com/octaflop/gowiki>Finished running tool: /home/faris/go/bin/golint
/home/faris/go/src/github.com/octaflop/gowiki/wiki.go:3: exported type Page should have comment or be unexported

/home/faris/go/src/github.com/octaflop/gowiki>Finished running tool: /usr/bin/go vet ./...

/home/faris/go/src/github.com/octaflop/gowiki>Finished running tool: /usr/bin/go build -i -o /tmp/vscode-goCgpUcR/go-code-check github.com/octaflop/gowiki
# github.com/octaflop/gowiki
runtime.main_main·f: function main is undeclared in the main package


/home/faris/go/src/github.com/octaflop/gowiki>Finished running tool: /home/faris/go/bin/golint
/home/faris/go/src/github.com/octaflop/gowiki/wiki.go:3: exported type Page should have comment or be unexported

/home/faris/go/src/github.com/octaflop/gowiki>Finished running tool: /usr/bin/go vet ./...

/home/faris/go/src/github.com/octaflop/gowiki>Finished running tool: /usr/bin/go build -i -o /tmp/vscode-goCgpUcR/go-code-check github.com/octaflop/gowiki
# github.com/octaflop/gowiki
runtime.main_main·f: function main is undeclared in the main package


/home/faris/go/src/github.com/octaflop/gowiki>Finished running tool: /home/faris/go/bin/golint
/home/faris/go/src/github.com/octaflop/gowiki/wiki.go:3: exported type Page should have comment or be unexported

/home/faris/go/src/github.com/octaflop/gowiki>Finished running tool: /usr/bin/go vet ./...

/home/faris/go/src/github.com/octaflop/gowiki>Finished running tool: /usr/bin/go build -i -o /tmp/vscode-goCgpUcR/go-code-check github.com/octaflop/gowiki
# github.com/octaflop/gowiki
runtime.main_main·f: function main is undeclared in the main package


/home/faris/go/src/github.com/octaflop/gowiki>Finished running tool: /home/faris/go/bin/golint
/home/faris/go/src/github.com/octaflop/gowiki/wiki.go:3: exported type Page should have comment or be unexported

/home/faris/go/src/github.com/octaflop/gowiki>Finished running tool: /usr/bin/go vet ./...

/home/faris/go/src/github.com/octaflop/gowiki>Finished running tool: /usr/bin/go build -i -o /tmp/vscode-goCgpUcR/go-code-check github.com/octaflop/gowiki
# github.com/octaflop/gowiki
runtime.main_main·f: function main is undeclared in the main package


/home/faris/go/src/github.com/octaflop/gowiki>Finished running tool: /home/faris/go/bin/golint
/home/faris/go/src/github.com/octaflop/gowiki/wiki.go:7: exported type Page should have comment or be unexported

/home/faris/go/src/github.com/octaflop/gowiki>Finished running tool: /usr/bin/go vet ./...

/home/faris/go/src/github.com/octaflop/gowiki>Finished running tool: /usr/bin/go build -i -o /tmp/vscode-goCgpUcR/go-code-check github.com/octaflop/gowiki
# github.com/octaflop/gowiki
runtime.main_main·f: function main is undeclared in the main package


/home/faris/go/src/github.com/octaflop/gowiki>Finished running tool: /home/faris/go/bin/golint
/home/faris/go/src/github.com/octaflop/gowiki/wiki.go:7: exported type Page should have comment or be unexported

/home/faris/go/src/github.com/octaflop/gowiki>Finished running tool: /usr/bin/go vet ./...

/home/faris/go/src/github.com/octaflop/gowiki>Finished running tool: /usr/bin/go build -i -o /tmp/vscode-goCgpUcR/go-code-check github.com/octaflop/gowiki
# github.com/octaflop/gowiki
runtime.main_main·f: function main is undeclared in the main package


/home/faris/go/src/github.com/octaflop/gowiki>Finished running tool: /home/faris/go/bin/golint
/home/faris/go/src/github.com/octaflop/gowiki/wiki.go:7: exported type Page should have comment or be unexported

/home/faris/go/src/github.com/octaflop/gowiki>Finished running tool: /usr/bin/go vet ./...

/home/faris/go/src/github.com/octaflop/gowiki>Finished running tool: /usr/bin/go build -i -o /tmp/vscode-goCgpUcR/go-code-check github.com/octaflop/gowiki
# github.com/octaflop/gowiki
runtime.main_main·f: function main is undeclared in the main package


/home/faris/go/src/github.com/octaflop/gowiki>Finished running tool: /home/faris/go/bin/golint
/home/faris/go/src/github.com/octaflop/gowiki/wiki.go:7: exported type Page should have comment or be unexported

/home/faris/go/src/github.com/octaflop/gowiki>Finished running tool: /usr/bin/go vet ./...

/home/faris/go/src/github.com/octaflop/gowiki>Finished running tool: /usr/bin/go build -i -o /tmp/vscode-goCgpUcR/go-code-check github.com/octaflop/gowiki
# github.com/octaflop/gowiki
runtime.main_main·f: function main is undeclared in the main package


/home/faris/go/src/github.com/octaflop/gowiki>Finished running tool: /home/faris/go/bin/golint

/home/faris/go/src/github.com/octaflop/gowiki>Finished running tool: /usr/bin/go build -i -o /tmp/vscode-goCgpUcR/go-code-check github.com/octaflop/gowiki
/home/faris/go/src/github.com/octaflop/gowiki/wiki.go:21: syntax error: unexpected err at end of statement

/home/faris/go/src/github.com/octaflop/gowiki>Finished running tool: /usr/bin/go vet ./...
/home/faris/go/src/github.com/octaflop/gowiki/wiki.go:21: syntax error: unexpected err at end of statement

/home/faris/go/src/github.com/octaflop/gowiki>Finished running tool: /home/faris/go/bin/golint
/home/faris/go/src/github.com/octaflop/gowiki/wiki.go:7: exported type Page should have comment or be unexported

/home/faris/go/src/github.com/octaflop/gowiki>Finished running tool: /usr/bin/go build -i -o /tmp/vscode-goCgpUcR/go-code-check github.com/octaflop/gowiki
/home/faris/go/src/github.com/octaflop/gowiki/wiki.go:21: too many arguments to return
/home/faris/go/src/github.com/octaflop/gowiki/wiki.go:23: too many arguments to return

/home/faris/go/src/github.com/octaflop/gowiki>Finished running tool: /usr/bin/go vet ./...
/home/faris/go/src/github.com/octaflop/gowiki/wiki.go:21: too many arguments to return
/home/faris/go/src/github.com/octaflop/gowiki/wiki.go:23: too many arguments to return

/home/faris/go/src/github.com/octaflop/gowiki>Finished running tool: /home/faris/go/bin/golint
/home/faris/go/src/github.com/octaflop/gowiki/wiki.go:7: exported type Page should have comment or be unexported

/home/faris/go/src/github.com/octaflop/gowiki>Finished running tool: /usr/bin/go vet ./...

/home/faris/go/src/github.com/octaflop/gowiki>Finished running tool: /usr/bin/go build -i -o /tmp/vscode-goCgpUcR/go-code-check github.com/octaflop/gowiki
# github.com/octaflop/gowiki
runtime.main_main·f: function main is undeclared in the main package


/home/faris/go/src/github.com/octaflop/gowiki>Finished running tool: /home/faris/go/bin/golint
/home/faris/go/src/github.com/octaflop/gowiki/wiki.go:8: exported type Page should have comment or be unexported

/home/faris/go/src/github.com/octaflop/gowiki>Finished running tool: /usr/bin/go vet ./...

/home/faris/go/src/github.com/octaflop/gowiki>Finished running tool: /usr/bin/go build -i -o /tmp/vscode-goCgpUcR/go-code-check github.com/octaflop/gowiki

/home/faris/go/src/github.com/octaflop/gowiki>Finished running tool: /home/faris/go/bin/golint
/home/faris/go/src/github.com/octaflop/gowiki/wiki.go:8: exported type Page should have comment or be unexported

/home/faris/go/src/github.com/octaflop/gowiki>Finished running tool: /usr/bin/go build -i -o /tmp/vscode-goCgpUcR/go-code-check github.com/octaflop/gowiki

/home/faris/go/src/github.com/octaflop/gowiki>Finished running tool: /usr/bin/go vet ./...

/home/faris/go/src/github.com/octaflop/gowiki>Finished running tool: /home/faris/go/bin/golint

/home/faris/go/src/github.com/octaflop/gowiki>Finished running tool: /usr/bin/go build -i -o /tmp/vscode-goCgpUcR/go-code-check github.com/octaflop/gowiki
/home/faris/go/src/github.com/octaflop/gowiki/wiki.go:26: syntax error: non-declaration statement outside function body
/home/faris/go/src/github.com/octaflop/gowiki/wiki.go:37: Page redeclared in this block
/home/faris/go/src/github.com/octaflop/gowiki/wiki.go:47: loadPage redeclared in this block
/home/faris/go/src/github.com/octaflop/gowiki/wiki.go:61: syntax error: unexpected ) after top level declaration
/home/faris/go/src/github.com/octaflop/gowiki/wiki.go:62: main redeclared in this block

/home/faris/go/src/github.com/octaflop/gowiki>Finished running tool: /usr/bin/go vet ./...
/home/faris/go/src/github.com/octaflop/gowiki/wiki.go:26: syntax error: non-declaration statement outside function body
/home/faris/go/src/github.com/octaflop/gowiki/wiki.go:37: Page redeclared in this block
/home/faris/go/src/github.com/octaflop/gowiki/wiki.go:47: loadPage redeclared in this block
/home/faris/go/src/github.com/octaflop/gowiki/wiki.go:61: syntax error: unexpected ) after top level declaration
/home/faris/go/src/github.com/octaflop/gowiki/wiki.go:62: main redeclared in this block

/home/faris/go/src/github.com/octaflop/gowiki>Finished running tool: /home/faris/go/bin/golint
/home/faris/go/src/github.com/octaflop/gowiki/wiki.go:12: exported type Page should have comment or be unexported

/home/faris/go/src/github.com/octaflop/gowiki>Finished running tool: /usr/bin/go vet ./...

/home/faris/go/src/github.com/octaflop/gowiki>Finished running tool: /usr/bin/go build -i -o /tmp/vscode-goCgpUcR/go-code-check github.com/octaflop/gowiki

/home/faris/go/src/github.com/octaflop/gowiki>Finished running tool: /home/faris/go/bin/golint
/home/faris/go/src/github.com/octaflop/gowiki/wiki.go:8: exported type Page should have comment or be unexported

/home/faris/go/src/github.com/octaflop/gowiki>Finished running tool: /usr/bin/go vet ./...

/home/faris/go/src/github.com/octaflop/gowiki>Finished running tool: /usr/bin/go build -i -o /tmp/vscode-goCgpUcR/go-code-check github.com/octaflop/gowiki

/home/faris/go/src/github.com/octaflop/gowiki>Finished running tool: /home/faris/go/bin/golint
/home/faris/go/src/github.com/octaflop/gowiki/wiki.go:8: exported type Page should have comment or be unexported

/home/faris/go/src/github.com/octaflop/gowiki>Finished running tool: /usr/bin/go build -i -o /tmp/vscode-goCgpUcR/go-code-check github.com/octaflop/gowiki
/home/faris/go/src/github.com/octaflop/gowiki/wiki.go:27: main redeclared in this block

/home/faris/go/src/github.com/octaflop/gowiki>Finished running tool: /usr/bin/go vet ./...
/home/faris/go/src/github.com/octaflop/gowiki/wiki.go:27: main redeclared in this block

/home/faris/go/src/github.com/octaflop/gowiki>Finished running tool: /home/faris/go/bin/golint
/home/faris/go/src/github.com/octaflop/gowiki/wiki.go:8: exported type Page should have comment or be unexported

/home/faris/go/src/github.com/octaflop/gowiki>Finished running tool: /usr/bin/go build -i -o /tmp/vscode-goCgpUcR/go-code-check github.com/octaflop/gowiki
/home/faris/go/src/github.com/octaflop/gowiki/wiki.go:27: main redeclared in this block

/home/faris/go/src/github.com/octaflop/gowiki>Finished running tool: /usr/bin/go vet ./...
/home/faris/go/src/github.com/octaflop/gowiki/wiki.go:27: main redeclared in this block

/home/faris/go/src/github.com/octaflop/gowiki>Finished running tool: /home/faris/go/bin/golint
/home/faris/go/src/github.com/octaflop/gowiki/wiki.go:8: exported type Page should have comment or be unexported

/home/faris/go/src/github.com/octaflop/gowiki>Finished running tool: /usr/bin/go vet ./...
/home/faris/go/src/github.com/octaflop/gowiki/netwiki.go:22: assignment mismatch: 2 variables but 1 values
/home/faris/go/src/github.com/octaflop/gowiki/wiki.go:18: loadPage redeclared in this block
/home/faris/go/src/github.com/octaflop/gowiki/wiki.go:27: main redeclared in this block

/home/faris/go/src/github.com/octaflop/gowiki>Finished running tool: /usr/bin/go build -i -o /tmp/vscode-goCgpUcR/go-code-check github.com/octaflop/gowiki
/home/faris/go/src/github.com/octaflop/gowiki/netwiki.go:22: assignment mismatch: 2 variables but 1 values
/home/faris/go/src/github.com/octaflop/gowiki/wiki.go:18: loadPage redeclared in this block
/home/faris/go/src/github.com/octaflop/gowiki/wiki.go:27: main redeclared in this block

/home/faris/go/src/github.com/octaflop/gowiki>Finished running tool: /home/faris/go/bin/golint
/home/faris/go/src/github.com/octaflop/gowiki/netwiki.go:10: exported type Page should have comment or be unexported
/home/faris/go/src/github.com/octaflop/gowiki/wiki.go:8: exported type Page should have comment or be unexported

/home/faris/go/src/github.com/octaflop/gowiki>Finished running tool: /usr/bin/go build -i -o /tmp/vscode-goCgpUcR/go-code-check github.com/octaflop/gowiki
/home/faris/go/src/github.com/octaflop/gowiki/netwiki.go:27: assignment mismatch: 2 variables but 1 values
/home/faris/go/src/github.com/octaflop/gowiki/wiki.go:8: Page redeclared in this block
/home/faris/go/src/github.com/octaflop/gowiki/wiki.go:18: loadPage redeclared in this block
/home/faris/go/src/github.com/octaflop/gowiki/wiki.go:27: main redeclared in this block

/home/faris/go/src/github.com/octaflop/gowiki>Finished running tool: /usr/bin/go vet ./...
/home/faris/go/src/github.com/octaflop/gowiki/netwiki.go:27: assignment mismatch: 2 variables but 1 values
/home/faris/go/src/github.com/octaflop/gowiki/wiki.go:8: Page redeclared in this block
/home/faris/go/src/github.com/octaflop/gowiki/wiki.go:18: loadPage redeclared in this block
/home/faris/go/src/github.com/octaflop/gowiki/wiki.go:27: main redeclared in this block

/home/faris/go/src/github.com/octaflop/gowiki>Finished running tool: /home/faris/go/bin/golint
/home/faris/go/src/github.com/octaflop/gowiki/netwiki.go:10: exported type Page should have comment or be unexported
/home/faris/go/src/github.com/octaflop/gowiki/wiki.go:8: exported type Page should have comment or be unexported

/home/faris/go/src/github.com/octaflop/gowiki>Finished running tool: /usr/bin/go build -i -o /tmp/vscode-goCgpUcR/go-code-check github.com/octaflop/gowiki
/home/faris/go/src/github.com/octaflop/gowiki/netwiki.go:19: undefined: title
/home/faris/go/src/github.com/octaflop/gowiki/netwiki.go:20: undefined: title
/home/faris/go/src/github.com/octaflop/gowiki/netwiki.go:22: undefined: title
/home/faris/go/src/github.com/octaflop/gowiki/netwiki.go:27: assignment mismatch: 2 variables but 1 values
/home/faris/go/src/github.com/octaflop/gowiki/wiki.go:8: Page redeclared in this block
/home/faris/go/src/github.com/octaflop/gowiki/wiki.go:18: loadPage redeclared in this block
/home/faris/go/src/github.com/octaflop/gowiki/wiki.go:27: main redeclared in this block

/home/faris/go/src/github.com/octaflop/gowiki>Finished running tool: /usr/bin/go vet ./...
/home/faris/go/src/github.com/octaflop/gowiki/netwiki.go:19: undefined: title
/home/faris/go/src/github.com/octaflop/gowiki/netwiki.go:20: undefined: title
/home/faris/go/src/github.com/octaflop/gowiki/netwiki.go:22: undefined: title
/home/faris/go/src/github.com/octaflop/gowiki/netwiki.go:27: assignment mismatch: 2 variables but 1 values
/home/faris/go/src/github.com/octaflop/gowiki/wiki.go:8: Page redeclared in this block
/home/faris/go/src/github.com/octaflop/gowiki/wiki.go:18: loadPage redeclared in this block
/home/faris/go/src/github.com/octaflop/gowiki/wiki.go:27: main redeclared in this block

/home/faris/go/src/github.com/octaflop/gowiki>Finished running tool: /home/faris/go/bin/golint

/home/faris/go/src/github.com/octaflop/gowiki>Finished running tool: /usr/bin/go build -i -o /tmp/vscode-goCgpUcR/go-code-check github.com/octaflop/gowiki
/home/faris/go/src/github.com/octaflop/gowiki/netwiki.go:27: syntax error: unexpected string, expecting comma or )

/home/faris/go/src/github.com/octaflop/gowiki>Finished running tool: /usr/bin/go vet ./...
/home/faris/go/src/github.com/octaflop/gowiki/netwiki.go:27: syntax error: unexpected string, expecting comma or )

/home/faris/go/src/github.com/octaflop/gowiki>Finished running tool: /home/faris/go/bin/golint

/home/faris/go/src/github.com/octaflop/gowiki>Finished running tool: /usr/bin/go vet ./...
/home/faris/go/src/github.com/octaflop/gowiki/netwiki.go:30: syntax error: unexpected string, expecting comma or )

/home/faris/go/src/github.com/octaflop/gowiki>Finished running tool: /usr/bin/go build -i -o /tmp/vscode-goCgpUcR/go-code-check github.com/octaflop/gowiki
/home/faris/go/src/github.com/octaflop/gowiki/netwiki.go:30: syntax error: unexpected string, expecting comma or )

/home/faris/go/src/github.com/octaflop/gowiki>Finished running tool: /home/faris/go/bin/golint
/home/faris/go/src/github.com/octaflop/gowiki/netwiki.go:10: exported type Page should have comment or be unexported
/home/faris/go/src/github.com/octaflop/gowiki/wiki.go:8: exported type Page should have comment or be unexported

/home/faris/go/src/github.com/octaflop/gowiki>Finished running tool: /usr/bin/go build -i -o /tmp/vscode-goCgpUcR/go-code-check github.com/octaflop/gowiki
/home/faris/go/src/github.com/octaflop/gowiki/wiki.go:8: Page redeclared in this block
/home/faris/go/src/github.com/octaflop/gowiki/wiki.go:18: loadPage redeclared in this block
/home/faris/go/src/github.com/octaflop/gowiki/wiki.go:27: main redeclared in this block

/home/faris/go/src/github.com/octaflop/gowiki>Finished running tool: /usr/bin/go vet ./...
/home/faris/go/src/github.com/octaflop/gowiki/wiki.go:8: Page redeclared in this block
/home/faris/go/src/github.com/octaflop/gowiki/wiki.go:18: loadPage redeclared in this block
/home/faris/go/src/github.com/octaflop/gowiki/wiki.go:27: main redeclared in this block

/home/faris/go/src/github.com/octaflop/gowiki>Finished running tool: /home/faris/go/bin/golint
/home/faris/go/src/github.com/octaflop/gowiki/netwiki.go:10: exported type Page should have comment or be unexported
/home/faris/go/src/github.com/octaflop/gowiki/wiki.go:8: exported type Page should have comment or be unexported

/home/faris/go/src/github.com/octaflop/gowiki>Finished running tool: /usr/bin/go build -i -o /tmp/vscode-goCgpUcR/go-code-check github.com/octaflop/gowiki
/home/faris/go/src/github.com/octaflop/gowiki/wiki.go:8: Page redeclared in this block
/home/faris/go/src/github.com/octaflop/gowiki/wiki.go:13: (*Page).save redeclared in this block
/home/faris/go/src/github.com/octaflop/gowiki/wiki.go:18: loadPage redeclared in this block
/home/faris/go/src/github.com/octaflop/gowiki/wiki.go:27: main redeclared in this block

/home/faris/go/src/github.com/octaflop/gowiki>Finished running tool: /usr/bin/go vet ./...
/home/faris/go/src/github.com/octaflop/gowiki/wiki.go:8: Page redeclared in this block
/home/faris/go/src/github.com/octaflop/gowiki/wiki.go:13: (*Page).save redeclared in this block
/home/faris/go/src/github.com/octaflop/gowiki/wiki.go:18: loadPage redeclared in this block
/home/faris/go/src/github.com/octaflop/gowiki/wiki.go:27: main redeclared in this block

/home/faris/go/src/github.com/octaflop/gowiki>Finished running tool: /home/faris/go/bin/golint

/home/faris/go/src/github.com/octaflop/gowiki>Finished running tool: /usr/bin/go build -i -o /tmp/vscode-goCgpUcR/go-code-check github.com/octaflop/gowiki
/home/faris/go/src/github.com/octaflop/gowiki/netwiki.go:24: syntax error: unexpected ioutil at end of statement

/home/faris/go/src/github.com/octaflop/gowiki>Finished running tool: /usr/bin/go vet ./...
/home/faris/go/src/github.com/octaflop/gowiki/netwiki.go:24: syntax error: unexpected ioutil at end of statement

/home/faris/go/src/github.com/octaflop/gowiki>Finished running tool: /home/faris/go/bin/golint
/home/faris/go/src/github.com/octaflop/gowiki/netwiki.go:10: exported type Page should have comment or be unexported
/home/faris/go/src/github.com/octaflop/gowiki/wiki.go:8: exported type Page should have comment or be unexported

/home/faris/go/src/github.com/octaflop/gowiki>Finished running tool: /usr/bin/go vet ./...
/home/faris/go/src/github.com/octaflop/gowiki/wiki.go:8: Page redeclared in this block
/home/faris/go/src/github.com/octaflop/gowiki/wiki.go:13: (*Page).save redeclared in this block
/home/faris/go/src/github.com/octaflop/gowiki/wiki.go:18: loadPage redeclared in this block
/home/faris/go/src/github.com/octaflop/gowiki/wiki.go:27: main redeclared in this block

/home/faris/go/src/github.com/octaflop/gowiki>Finished running tool: /usr/bin/go build -i -o /tmp/vscode-goCgpUcR/go-code-check github.com/octaflop/gowiki
/home/faris/go/src/github.com/octaflop/gowiki/wiki.go:8: Page redeclared in this block
/home/faris/go/src/github.com/octaflop/gowiki/wiki.go:13: (*Page).save redeclared in this block
/home/faris/go/src/github.com/octaflop/gowiki/wiki.go:18: loadPage redeclared in this block
/home/faris/go/src/github.com/octaflop/gowiki/wiki.go:27: main redeclared in this block

/home/faris/go/src/github.com/octaflop/gowiki>Finished running tool: /home/faris/go/bin/golint
/home/faris/go/src/github.com/octaflop/gowiki/netwiki.go:10: exported type Page should have comment or be unexported
/home/faris/go/src/github.com/octaflop/gowiki/wiki.go:8: exported type Page should have comment or be unexported

/home/faris/go/src/github.com/octaflop/gowiki>Finished running tool: /usr/bin/go build -i -o /tmp/vscode-goCgpUcR/go-code-check github.com/octaflop/gowiki
/home/faris/go/src/github.com/octaflop/gowiki/wiki.go:8: Page redeclared in this block
/home/faris/go/src/github.com/octaflop/gowiki/wiki.go:13: (*Page).save redeclared in this block
/home/faris/go/src/github.com/octaflop/gowiki/wiki.go:18: loadPage redeclared in this block
/home/faris/go/src/github.com/octaflop/gowiki/wiki.go:27: main redeclared in this block

/home/faris/go/src/github.com/octaflop/gowiki>Finished running tool: /usr/bin/go vet ./...
/home/faris/go/src/github.com/octaflop/gowiki/wiki.go:8: Page redeclared in this block
/home/faris/go/src/github.com/octaflop/gowiki/wiki.go:13: (*Page).save redeclared in this block
/home/faris/go/src/github.com/octaflop/gowiki/wiki.go:18: loadPage redeclared in this block
/home/faris/go/src/github.com/octaflop/gowiki/wiki.go:27: main redeclared in this block

/home/faris/go/src/github.com/octaflop/gowiki>Finished running tool: /home/faris/go/bin/golint
/home/faris/go/src/github.com/octaflop/gowiki/netwiki.go:10: exported type Page should have comment or be unexported
/home/faris/go/src/github.com/octaflop/gowiki/wiki.go:8: exported type Page should have comment or be unexported

/home/faris/go/src/github.com/octaflop/gowiki>Finished running tool: /usr/bin/go build -i -o /tmp/vscode-goCgpUcR/go-code-check github.com/octaflop/gowiki
/home/faris/go/src/github.com/octaflop/gowiki/wiki.go:8: Page redeclared in this block
/home/faris/go/src/github.com/octaflop/gowiki/wiki.go:13: (*Page).save redeclared in this block
/home/faris/go/src/github.com/octaflop/gowiki/wiki.go:18: loadPage redeclared in this block
/home/faris/go/src/github.com/octaflop/gowiki/wiki.go:27: main redeclared in this block

/home/faris/go/src/github.com/octaflop/gowiki>Finished running tool: /usr/bin/go vet ./...
/home/faris/go/src/github.com/octaflop/gowiki/wiki.go:8: Page redeclared in this block
/home/faris/go/src/github.com/octaflop/gowiki/wiki.go:13: (*Page).save redeclared in this block
/home/faris/go/src/github.com/octaflop/gowiki/wiki.go:18: loadPage redeclared in this block
/home/faris/go/src/github.com/octaflop/gowiki/wiki.go:27: main redeclared in this block

/home/faris/go/src/github.com/octaflop/gowiki>Finished running tool: /home/faris/go/bin/golint
/home/faris/go/src/github.com/octaflop/gowiki/netwiki.go:10: exported type Page should have comment or be unexported
/home/faris/go/src/github.com/octaflop/gowiki/wiki.go:10: exported type Page should have comment or be unexported

/home/faris/go/src/github.com/octaflop/gowiki>Finished running tool: /usr/bin/go vet ./...
/home/faris/go/src/github.com/octaflop/gowiki/wiki.go:10: Page redeclared in this block
/home/faris/go/src/github.com/octaflop/gowiki/wiki.go:15: (*Page).save redeclared in this block
/home/faris/go/src/github.com/octaflop/gowiki/wiki.go:20: loadPage redeclared in this block
/home/faris/go/src/github.com/octaflop/gowiki/wiki.go:29: viewHandler redeclared in this block
/home/faris/go/src/github.com/octaflop/gowiki/wiki.go:35: main redeclared in this block

/home/faris/go/src/github.com/octaflop/gowiki>Finished running tool: /usr/bin/go build -i -o /tmp/vscode-goCgpUcR/go-code-check github.com/octaflop/gowiki
/home/faris/go/src/github.com/octaflop/gowiki/wiki.go:10: Page redeclared in this block
/home/faris/go/src/github.com/octaflop/gowiki/wiki.go:15: (*Page).save redeclared in this block
/home/faris/go/src/github.com/octaflop/gowiki/wiki.go:20: loadPage redeclared in this block
/home/faris/go/src/github.com/octaflop/gowiki/wiki.go:29: viewHandler redeclared in this block
/home/faris/go/src/github.com/octaflop/gowiki/wiki.go:35: main redeclared in this block

/home/faris/go/src/github.com/octaflop/gowiki>Finished running tool: /home/faris/go/bin/golint
/home/faris/go/src/github.com/octaflop/gowiki/wiki.go:10: exported type Page should have comment or be unexported

/home/faris/go/src/github.com/octaflop/gowiki>Finished running tool: /usr/bin/go vet ./...

/home/faris/go/src/github.com/octaflop/gowiki>Finished running tool: /usr/bin/go build -i -o /tmp/vscode-goCgpUcR/go-code-check github.com/octaflop/gowiki

